2025-06-05 17:11:40,290 - WARNING -  * Debugger is active!
2025-06-05 17:17:54,168 - WARNING - Retrying (Retry(total=2, connect=None, read=None, redirect=None, status=None)) after connection broken by 'ReadTimeoutError("HTTPSConnectionPool(host='www.ambitionbox.com', port=443): Read timed out. (read timeout=10)")': /logistics-companies-in-lucknow
2025-06-05 17:18:03,071 - WARNING - Retrying (Retry(total=2, connect=None, read=None, redirect=None, status=None)) after connection broken by 'ReadTimeoutError("HTTPSConnectionPool(host='www.ambitionbox.com', port=443): Read timed out. (read timeout=10)")': /logistics-companies-in-india
2025-06-05 17:18:06,251 - WARNING - Retrying (Retry(total=1, connect=None, read=None, redirect=None, status=None)) after connection broken by 'ReadTimeoutError("HTTPSConnectionPool(host='www.ambitionbox.com', port=443): Read timed out. (read timeout=10)")': /logistics-companies-in-lucknow
2025-06-05 17:18:06,364 - WARNING - Retrying (Retry(total=2, connect=None, read=None, redirect=None, status=None)) after connection broken by 'ReadTimeoutError("HTTPSConnectionPool(host='www.dhl.com', port=443): Read timed out. (read timeout=10)")': /in-en/home.html
2025-06-05 17:18:15,263 - WARNING - Retrying (Retry(total=1, connect=None, read=None, redirect=None, status=None)) after connection broken by 'ReadTimeoutError("HTTPSConnectionPool(host='www.ambitionbox.com', port=443): Read timed out. (read timeout=10)")': /logistics-companies-in-india
2025-06-05 17:18:18,513 - WARNING - Retrying (Retry(total=1, connect=None, read=None, redirect=None, status=None)) after connection broken by 'ReadTimeoutError("HTTPSConnectionPool(host='www.dhl.com', port=443): Read timed out. (read timeout=10)")': /in-en/home.html
2025-06-05 17:18:20,385 - WARNING - Retrying (Retry(total=0, connect=None, read=None, redirect=None, status=None)) after connection broken by 'ReadTimeoutError("HTTPSConnectionPool(host='www.ambitionbox.com', port=443): Read timed out. (read timeout=10)")': /logistics-companies-in-lucknow
2025-06-05 17:18:29,404 - WARNING - Retrying (Retry(total=0, connect=None, read=None, redirect=None, status=None)) after connection broken by 'ReadTimeoutError("HTTPSConnectionPool(host='www.ambitionbox.com', port=443): Read timed out. (read timeout=10)")': /logistics-companies-in-india
2025-06-05 17:18:30,519 - WARNING - Failed to fetch https://www.ambitionbox.com/logistics-companies-in-lucknow: HTTPSConnectionPool(host='www.ambitionbox.com', port=443): Max retries exceeded with url: /logistics-companies-in-lucknow (Caused by ReadTimeoutError("HTTPSConnectionPool(host='www.ambitionbox.com', port=443): Read timed out. (read timeout=10)"))
2025-06-05 17:18:32,683 - WARNING - Retrying (Retry(total=0, connect=None, read=None, redirect=None, status=None)) after connection broken by 'ReadTimeoutError("HTTPSConnectionPool(host='www.dhl.com', port=443): Read timed out. (read timeout=10)")': /in-en/home.html
2025-06-05 17:18:39,626 - WARNING - Failed to fetch https://www.ambitionbox.com/logistics-companies-in-india: HTTPSConnectionPool(host='www.ambitionbox.com', port=443): Max retries exceeded with url: /logistics-companies-in-india (Caused by ReadTimeoutError("HTTPSConnectionPool(host='www.ambitionbox.com', port=443): Read timed out. (read timeout=10)"))
2025-06-05 17:18:41,564 - WARNING - Retrying (Retry(total=2, connect=None, read=None, redirect=None, status=None)) after connection broken by 'ReadTimeoutError("HTTPSConnectionPool(host='www.adaniports.com', port=443): Read timed out. (read timeout=10)")': /logistics
2025-06-05 17:18:42,803 - WARNING - Failed to fetch https://www.dhl.com/in-en/home.html: HTTPSConnectionPool(host='www.dhl.com', port=443): Max retries exceeded with url: /in-en/home.html (Caused by ReadTimeoutError("HTTPSConnectionPool(host='www.dhl.com', port=443): Read timed out. (read timeout=10)"))
2025-06-05 17:19:49,443 - WARNING - Retrying (Retry(total=2, connect=None, read=None, redirect=None, status=None)) after connection broken by 'ConnectionResetError(10054, 'An existing connection was forcibly closed by the remote host', None, 10054, None)': /
2025-06-05 17:19:51,377 - WARNING - Retrying (Retry(total=1, connect=None, read=None, redirect=None, status=None)) after connection broken by 'ReadTimeoutError("HTTPSConnectionPool(host='www.adaniports.com', port=443): Read timed out. (read timeout=10)")': /logistics
2025-06-05 17:20:05,665 - WARNING - Retrying (Retry(total=0, connect=None, read=None, redirect=None, status=None)) after connection broken by 'ReadTimeoutError("HTTPSConnectionPool(host='www.adaniports.com', port=443): Read timed out. (read timeout=10)")': /logistics
2025-06-05 17:20:07,532 - WARNING - Retrying (Retry(total=2, connect=None, read=None, redirect=None, status=None)) after connection broken by 'ReadTimeoutError("HTTPSConnectionPool(host='www.ups.com', port=443): Read timed out. (read timeout=10)")': /in/en/home
2025-06-05 17:20:15,769 - WARNING - Retrying (Retry(total=2, connect=None, read=None, redirect=None, status=None)) after connection broken by 'ReadTimeoutError("HTTPSConnectionPool(host='group.dhl.com', port=443): Read timed out. (read timeout=10)")': /en.html
2025-06-05 17:20:15,802 - WARNING - Failed to fetch https://www.adaniports.com/logistics: HTTPSConnectionPool(host='www.adaniports.com', port=443): Max retries exceeded with url: /logistics (Caused by ReadTimeoutError("HTTPSConnectionPool(host='www.adaniports.com', port=443): Read timed out. (read timeout=10)"))
2025-06-05 17:20:21,221 - WARNING - Retrying (Retry(total=1, connect=None, read=None, redirect=None, status=None)) after connection broken by 'ReadTimeoutError("HTTPSConnectionPool(host='www.ups.com', port=443): Read timed out. (read timeout=10)")': /in/en/home
2025-06-05 17:20:28,017 - WARNING - Retrying (Retry(total=1, connect=None, read=None, redirect=None, status=None)) after connection broken by 'ReadTimeoutError("HTTPSConnectionPool(host='group.dhl.com', port=443): Read timed out. (read timeout=10)")': /en.html
2025-06-05 17:20:35,567 - WARNING - Retrying (Retry(total=0, connect=None, read=None, redirect=None, status=None)) after connection broken by 'ReadTimeoutError("HTTPSConnectionPool(host='www.ups.com', port=443): Read timed out. (read timeout=10)")': /in/en/home
2025-06-05 17:20:40,356 - WARNING - Retrying (Retry(total=2, connect=None, read=None, redirect=None, status=None)) after connection broken by 'ReadTimeoutError("HTTPSConnectionPool(host='www.dpworld.com', port=443): Read timed out. (read timeout=10)")': /
2025-06-05 17:20:42,321 - WARNING - Retrying (Retry(total=0, connect=None, read=None, redirect=None, status=None)) after connection broken by 'ReadTimeoutError("HTTPSConnectionPool(host='group.dhl.com', port=443): Read timed out. (read timeout=10)")': /en.html
2025-06-05 17:20:45,695 - WARNING - Failed to fetch https://www.ups.com/in/en/home: HTTPSConnectionPool(host='www.ups.com', port=443): Max retries exceeded with url: /in/en/home (Caused by ReadTimeoutError("HTTPSConnectionPool(host='www.ups.com', port=443): Read timed out. (read timeout=10)"))
2025-06-05 17:20:52,368 - WARNING - Failed to fetch https://group.dhl.com/en.html: HTTPSConnectionPool(host='group.dhl.com', port=443): Max retries exceeded with url: /en.html (Caused by ReadTimeoutError("HTTPSConnectionPool(host='group.dhl.com', port=443): Read timed out. (read timeout=10)"))
2025-06-05 17:26:07,958 - WARNING -  * Debugger is active!
2025-06-05 17:27:00,465 - WARNING - Retrying (Retry(total=2, connect=None, read=None, redirect=None, status=None)) after connection broken by 'ReadTimeoutError("HTTPSConnectionPool(host='www.ambitionbox.com', port=443): Read timed out. (read timeout=10)")': /logistics-companies-in-india
2025-06-05 17:27:11,723 - WARNING - Retrying (Retry(total=2, connect=None, read=None, redirect=None, status=None)) after connection broken by 'ReadTimeoutError("HTTPSConnectionPool(host='www.adaniports.com', port=443): Read timed out. (read timeout=10)")': /logistics
2025-06-05 17:27:13,108 - WARNING - Retrying (Retry(total=1, connect=None, read=None, redirect=None, status=None)) after connection broken by 'ReadTimeoutError("HTTPSConnectionPool(host='www.ambitionbox.com', port=443): Read timed out. (read timeout=10)")': /logistics-companies-in-india
2025-06-05 17:27:21,950 - WARNING - Retrying (Retry(total=2, connect=None, read=None, redirect=None, status=None)) after connection broken by 'ReadTimeoutError("HTTPSConnectionPool(host='www.ups.com', port=443): Read timed out. (read timeout=10)")': /in/en/home
2025-06-05 17:27:23,829 - WARNING - Retrying (Retry(total=1, connect=None, read=None, redirect=None, status=None)) after connection broken by 'ReadTimeoutError("HTTPSConnectionPool(host='www.adaniports.com', port=443): Read timed out. (read timeout=10)")': /logistics
2025-06-05 17:27:27,411 - WARNING - Retrying (Retry(total=0, connect=None, read=None, redirect=None, status=None)) after connection broken by 'ReadTimeoutError("HTTPSConnectionPool(host='www.ambitionbox.com', port=443): Read timed out. (read timeout=10)")': /logistics-companies-in-india
2025-06-05 17:27:34,120 - WARNING - Retrying (Retry(total=1, connect=None, read=None, redirect=None, status=None)) after connection broken by 'ReadTimeoutError("HTTPSConnectionPool(host='www.ups.com', port=443): Read timed out. (read timeout=10)")': /in/en/home
2025-06-05 17:27:37,628 - WARNING - Failed to fetch https://www.ambitionbox.com/logistics-companies-in-india: HTTPSConnectionPool(host='www.ambitionbox.com', port=443): Max retries exceeded with url: /logistics-companies-in-india (Caused by ReadTimeoutError("HTTPSConnectionPool(host='www.ambitionbox.com', port=443): Read timed out. (read timeout=10)"))
2025-06-05 17:27:38,039 - WARNING - Retrying (Retry(total=0, connect=None, read=None, redirect=None, status=None)) after connection broken by 'ReadTimeoutError("HTTPSConnectionPool(host='www.adaniports.com', port=443): Read timed out. (read timeout=10)")': /logistics
2025-06-05 17:27:48,262 - WARNING - Retrying (Retry(total=2, connect=None, read=None, redirect=None, status=None)) after connection broken by 'ReadTimeoutError("HTTPSConnectionPool(host='www.ambitionbox.com', port=443): Read timed out. (read timeout=10)")': /logistics-companies-in-noida
2025-06-05 17:27:48,279 - WARNING - Failed to fetch https://www.adaniports.com/logistics: HTTPSConnectionPool(host='www.adaniports.com', port=443): Max retries exceeded with url: /logistics (Caused by ReadTimeoutError("HTTPSConnectionPool(host='www.adaniports.com', port=443): Read timed out. (read timeout=10)"))
2025-06-05 17:27:48,407 - WARNING - Retrying (Retry(total=0, connect=None, read=None, redirect=None, status=None)) after connection broken by 'ReadTimeoutError("HTTPSConnectionPool(host='www.ups.com', port=443): Read timed out. (read timeout=10)")': /in/en/home
2025-06-05 17:27:58,594 - WARNING - Failed to fetch https://www.ups.com/in/en/home: HTTPSConnectionPool(host='www.ups.com', port=443): Max retries exceeded with url: /in/en/home (Caused by ReadTimeoutError("HTTPSConnectionPool(host='www.ups.com', port=443): Read timed out. (read timeout=10)"))
2025-06-05 17:28:00,516 - WARNING - Retrying (Retry(total=1, connect=None, read=None, redirect=None, status=None)) after connection broken by 'ReadTimeoutError("HTTPSConnectionPool(host='www.ambitionbox.com', port=443): Read timed out. (read timeout=10)")': /logistics-companies-in-noida
2025-06-05 17:28:08,037 - WARNING - Retrying (Retry(total=2, connect=None, read=None, redirect=None, status=None)) after connection broken by 'ReadTimeoutError("HTTPSConnectionPool(host='www.dhl.com', port=443): Read timed out. (read timeout=10)")': /in-en/home.html
2025-06-05 17:28:14,703 - WARNING - Retrying (Retry(total=0, connect=None, read=None, redirect=None, status=None)) after connection broken by 'ReadTimeoutError("HTTPSConnectionPool(host='www.ambitionbox.com', port=443): Read timed out. (read timeout=10)")': /logistics-companies-in-noida
2025-06-05 17:29:21,018 - WARNING - Failed to fetch https://www.ambitionbox.com/logistics-companies-in-noida: HTTPSConnectionPool(host='www.ambitionbox.com', port=443): Max retries exceeded with url: /logistics-companies-in-noida (Caused by ReadTimeoutError("HTTPSConnectionPool(host='www.ambitionbox.com', port=443): Read timed out. (read timeout=10)"))
2025-06-05 17:29:23,107 - WARNING - Retrying (Retry(total=1, connect=None, read=None, redirect=None, status=None)) after connection broken by 'ReadTimeoutError("HTTPSConnectionPool(host='www.dhl.com', port=443): Read timed out. (read timeout=10)")': /in-en/home.html
2025-06-05 17:29:37,229 - WARNING - Retrying (Retry(total=0, connect=None, read=None, redirect=None, status=None)) after connection broken by 'ReadTimeoutError("HTTPSConnectionPool(host='www.dhl.com', port=443): Read timed out. (read timeout=10)")': /in-en/home.html
2025-06-05 17:29:47,465 - WARNING - Failed to fetch https://www.dhl.com/in-en/home.html: HTTPSConnectionPool(host='www.dhl.com', port=443): Max retries exceeded with url: /in-en/home.html (Caused by ReadTimeoutError("HTTPSConnectionPool(host='www.dhl.com', port=443): Read timed out. (read timeout=10)"))
2025-06-05 17:34:24,784 - WARNING - Retrying (Retry(total=2, connect=None, read=None, redirect=None, status=None)) after connection broken by 'ReadTimeoutError("HTTPSConnectionPool(host='www.ambitionbox.com', port=443): Read timed out. (read timeout=10)")': /logistics-companies-in-kanpur
2025-06-05 17:34:36,892 - WARNING - Retrying (Retry(total=1, connect=None, read=None, redirect=None, status=None)) after connection broken by 'ReadTimeoutError("HTTPSConnectionPool(host='www.ambitionbox.com', port=443): Read timed out. (read timeout=10)")': /logistics-companies-in-kanpur
2025-06-05 17:34:37,210 - WARNING - Retrying (Retry(total=2, connect=None, read=None, redirect=None, status=None)) after connection broken by 'ReadTimeoutError("HTTPSConnectionPool(host='www.dhl.com', port=443): Read timed out. (read timeout=10)")': /in-en/home.html
2025-06-05 17:34:49,301 - WARNING - Retrying (Retry(total=1, connect=None, read=None, redirect=None, status=None)) after connection broken by 'ReadTimeoutError("HTTPSConnectionPool(host='www.dhl.com', port=443): Read timed out. (read timeout=10)")': /in-en/home.html
2025-06-05 17:34:50,985 - WARNING - Retrying (Retry(total=0, connect=None, read=None, redirect=None, status=None)) after connection broken by 'ReadTimeoutError("HTTPSConnectionPool(host='www.ambitionbox.com', port=443): Read timed out. (read timeout=10)")': /logistics-companies-in-kanpur
2025-06-05 17:35:01,115 - WARNING - Failed to fetch https://www.ambitionbox.com/logistics-companies-in-kanpur: HTTPSConnectionPool(host='www.ambitionbox.com', port=443): Max retries exceeded with url: /logistics-companies-in-kanpur (Caused by ReadTimeoutError("HTTPSConnectionPool(host='www.ambitionbox.com', port=443): Read timed out. (read timeout=10)"))
2025-06-05 17:35:03,466 - WARNING - Retrying (Retry(total=0, connect=None, read=None, redirect=None, status=None)) after connection broken by 'ReadTimeoutError("HTTPSConnectionPool(host='www.dhl.com', port=443): Read timed out. (read timeout=10)")': /in-en/home.html
2025-06-05 17:35:11,058 - WARNING - Retrying (Retry(total=2, connect=None, read=None, redirect=None, status=None)) after connection broken by 'ReadTimeoutError("HTTPSConnectionPool(host='www.dhl.com', port=443): Read timed out. (read timeout=10)")': /in-en/home/customer-service.html
2025-06-05 17:35:13,811 - WARNING - Failed to fetch https://www.dhl.com/in-en/home.html: HTTPSConnectionPool(host='www.dhl.com', port=443): Max retries exceeded with url: /in-en/home.html (Caused by ReadTimeoutError("HTTPSConnectionPool(host='www.dhl.com', port=443): Read timed out. (read timeout=10)"))
2025-06-05 17:35:14,004 - WARNING - Retrying (Retry(total=2, connect=None, read=None, redirect=None, status=None)) after connection broken by 'ReadTimeoutError("HTTPSConnectionPool(host='www.grinfra.com', port=443): Read timed out. (read timeout=10)")': /
2025-06-05 17:35:23,132 - WARNING - Retrying (Retry(total=1, connect=None, read=None, redirect=None, status=None)) after connection broken by 'ReadTimeoutError("HTTPSConnectionPool(host='www.dhl.com', port=443): Read timed out. (read timeout=10)")': /in-en/home/customer-service.html
2025-06-05 17:35:26,678 - WARNING - Retrying (Retry(total=1, connect=None, read=None, redirect=None, status=None)) after connection broken by 'ReadTimeoutError("HTTPSConnectionPool(host='www.grinfra.com', port=443): Read timed out. (read timeout=10)")': /
2025-06-05 17:35:37,218 - WARNING - Retrying (Retry(total=0, connect=None, read=None, redirect=None, status=None)) after connection broken by 'ReadTimeoutError("HTTPSConnectionPool(host='www.dhl.com', port=443): Read timed out. (read timeout=10)")': /in-en/home/customer-service.html
2025-06-05 17:35:40,987 - WARNING - Retrying (Retry(total=0, connect=None, read=None, redirect=None, status=None)) after connection broken by 'ReadTimeoutError("HTTPSConnectionPool(host='www.grinfra.com', port=443): Read timed out. (read timeout=10)")': /
2025-06-05 17:35:47,269 - WARNING - Failed to fetch https://www.dhl.com/in-en/home/customer-service.html: HTTPSConnectionPool(host='www.dhl.com', port=443): Max retries exceeded with url: /in-en/home/customer-service.html (Caused by ReadTimeoutError("HTTPSConnectionPool(host='www.dhl.com', port=443): Read timed out. (read timeout=10)"))
2025-06-05 17:35:51,296 - WARNING - Failed to fetch https://www.grinfra.com/: HTTPSConnectionPool(host='www.grinfra.com', port=443): Max retries exceeded with url: / (Caused by ReadTimeoutError("HTTPSConnectionPool(host='www.grinfra.com', port=443): Read timed out. (read timeout=10)"))
2025-06-06 13:24:35,142 - WARNING -  * Debugger is active!
2025-06-06 16:28:50,342 - WARNING -  * Debugger is active!
2025-06-06 17:22:37,716 - WARNING -  * Debugger is active!
2025-06-06 17:25:42,761 - WARNING -  * Debugger is active!
2025-06-06 17:27:05,363 - WARNING -  * Debugger is active!
2025-06-06 17:27:09,716 - WARNING -  * Debugger is active!
2025-06-06 17:38:09,829 - WARNING - Retrying (Retry(total=2, connect=None, read=None, redirect=None, status=None)) after connection broken by 'ReadTimeoutError("HTTPSConnectionPool(host='www.ambitionbox.com', port=443): Read timed out. (read timeout=10)")': /logistics-companies-in-lucknow
2025-06-06 17:38:15,563 - WARNING - Retrying (Retry(total=2, connect=None, read=None, redirect=None, status=None)) after connection broken by 'ReadTimeoutError("HTTPSConnectionPool(host='www.professionalscs.in', port=443): Read timed out. (read timeout=10)")': /logistics-service-in-lucknow/
2025-06-06 17:38:19,774 - WARNING - Retrying (Retry(total=2, connect=None, read=None, redirect=None, status=None)) after connection broken by 'RemoteDisconnected('Remote end closed connection without response')': /search/logistic_services
2025-06-06 17:38:21,972 - WARNING - Retrying (Retry(total=1, connect=None, read=None, redirect=None, status=None)) after connection broken by 'ReadTimeoutError("HTTPSConnectionPool(host='www.ambitionbox.com', port=443): Read timed out. (read timeout=10)")': /logistics-companies-in-lucknow
2025-06-06 17:38:22,203 - WARNING - Retrying (Retry(total=1, connect=None, read=None, redirect=None, status=None)) after connection broken by 'RemoteDisconnected('Remote end closed connection without response')': /search/logistic_services
2025-06-06 17:38:26,660 - WARNING - Retrying (Retry(total=0, connect=None, read=None, redirect=None, status=None)) after connection broken by 'RemoteDisconnected('Remote end closed connection without response')': /search/logistic_services
2025-06-06 17:38:26,998 - WARNING - Failed to fetch https://lucknow-district.infoisinfo.co.in/search/logistic_services: HTTPSConnectionPool(host='lucknow-district.infoisinfo.co.in', port=443): Max retries exceeded with url: /search/logistic_services (Caused by ProtocolError('Connection aborted.', RemoteDisconnected('Remote end closed connection without response')))
2025-06-06 17:38:31,239 - WARNING - Retrying (Retry(total=2, connect=None, read=None, redirect=None, status=None)) after connection broken by 'RemoteDisconnected('Remote end closed connection without response')': /search/logistics
2025-06-06 17:38:33,675 - WARNING - Retrying (Retry(total=1, connect=None, read=None, redirect=None, status=None)) after connection broken by 'RemoteDisconnected('Remote end closed connection without response')': /search/logistics
2025-06-06 17:38:36,366 - WARNING - Retrying (Retry(total=0, connect=None, read=None, redirect=None, status=None)) after connection broken by 'ReadTimeoutError("HTTPSConnectionPool(host='www.ambitionbox.com', port=443): Read timed out. (read timeout=10)")': /logistics-companies-in-lucknow
2025-06-06 17:38:38,431 - WARNING - Retrying (Retry(total=0, connect=None, read=None, redirect=None, status=None)) after connection broken by 'RemoteDisconnected('Remote end closed connection without response')': /search/logistics
2025-06-06 17:38:38,929 - WARNING - Failed to fetch https://lucknow.infoisinfo.co.in/search/logistics: HTTPSConnectionPool(host='lucknow.infoisinfo.co.in', port=443): Max retries exceeded with url: /search/logistics (Caused by ProtocolError('Connection aborted.', RemoteDisconnected('Remote end closed connection without response')))
2025-06-06 17:38:46,579 - WARNING - Failed to fetch https://www.ambitionbox.com/logistics-companies-in-lucknow: HTTPSConnectionPool(host='www.ambitionbox.com', port=443): Max retries exceeded with url: /logistics-companies-in-lucknow (Caused by ReadTimeoutError("HTTPSConnectionPool(host='www.ambitionbox.com', port=443): Read timed out. (read timeout=10)"))
2025-06-06 17:39:01,759 - WARNING - Retrying (Retry(total=2, connect=None, read=None, redirect=None, status=None)) after connection broken by 'ReadTimeoutError("HTTPSConnectionPool(host='www.ambitionbox.com', port=443): Read timed out. (read timeout=10)")': /overview/sequel-logistics-private-limited-overview/locations/lucknow-offices
2025-06-06 17:39:13,987 - WARNING - Retrying (Retry(total=1, connect=None, read=None, redirect=None, status=None)) after connection broken by 'ReadTimeoutError("HTTPSConnectionPool(host='www.ambitionbox.com', port=443): Read timed out. (read timeout=10)")': /overview/sequel-logistics-private-limited-overview/locations/lucknow-offices
2025-06-06 17:39:28,084 - WARNING - Retrying (Retry(total=0, connect=None, read=None, redirect=None, status=None)) after connection broken by 'ReadTimeoutError("HTTPSConnectionPool(host='www.ambitionbox.com', port=443): Read timed out. (read timeout=10)")': /overview/sequel-logistics-private-limited-overview/locations/lucknow-offices
2025-06-06 17:39:38,292 - WARNING - Failed to fetch https://www.ambitionbox.com/overview/sequel-logistics-private-limited-overview/locations/lucknow-offices: HTTPSConnectionPool(host='www.ambitionbox.com', port=443): Max retries exceeded with url: /overview/sequel-logistics-private-limited-overview/locations/lucknow-offices (Caused by ReadTimeoutError("HTTPSConnectionPool(host='www.ambitionbox.com', port=443): Read timed out. (read timeout=10)"))
2025-06-06 17:39:54,749 - WARNING - Retrying (Retry(total=2, connect=None, read=None, redirect=None, status=None)) after connection broken by 'ReadTimeoutError("HTTPSConnectionPool(host='www.gatihouseshifting.com', port=443): Read timed out. (read timeout=10)")': /car-transport-service-in-lucknow.php
2025-06-06 17:40:03,009 - WARNING - Retrying (Retry(total=2, connect=None, read=None, redirect=None, status=None)) after connection broken by 'ReadTimeoutError("HTTPSConnectionPool(host='www.redbus.in', port=443): Read timed out. (read timeout=10)")': /online-booking/uttar-pradesh-state-road-transport-corporation-upsrtc
2025-06-06 17:40:15,177 - WARNING - Retrying (Retry(total=1, connect=None, read=None, redirect=None, status=None)) after connection broken by 'ReadTimeoutError("HTTPSConnectionPool(host='www.redbus.in', port=443): Read timed out. (read timeout=10)")': /online-booking/uttar-pradesh-state-road-transport-corporation-upsrtc
2025-06-06 17:40:29,404 - WARNING - Retrying (Retry(total=0, connect=None, read=None, redirect=None, status=None)) after connection broken by 'ReadTimeoutError("HTTPSConnectionPool(host='www.redbus.in', port=443): Read timed out. (read timeout=10)")': /online-booking/uttar-pradesh-state-road-transport-corporation-upsrtc
2025-06-06 17:40:39,627 - WARNING - Failed to fetch https://www.redbus.in/online-booking/uttar-pradesh-state-road-transport-corporation-upsrtc: HTTPSConnectionPool(host='www.redbus.in', port=443): Max retries exceeded with url: /online-booking/uttar-pradesh-state-road-transport-corporation-upsrtc (Caused by ReadTimeoutError("HTTPSConnectionPool(host='www.redbus.in', port=443): Read timed out. (read timeout=10)"))
2025-06-06 17:41:03,791 - WARNING - Retrying (Retry(total=2, connect=None, read=None, redirect=None, status=None)) after connection broken by 'SSLError(SSLCertVerificationError(1, "[SSL: CERTIFICATE_VERIFY_FAILED] certificate verify failed: Hostname mismatch, certificate is not valid for 'indianpackersgroup.org'. (_ssl.c:1007)"))': /best-packers-movers-in-lucknow
2025-06-06 17:41:06,053 - WARNING - Retrying (Retry(total=1, connect=None, read=None, redirect=None, status=None)) after connection broken by 'SSLError(SSLCertVerificationError(1, "[SSL: CERTIFICATE_VERIFY_FAILED] certificate verify failed: Hostname mismatch, certificate is not valid for 'indianpackersgroup.org'. (_ssl.c:1007)"))': /best-packers-movers-in-lucknow
2025-06-06 17:41:10,288 - WARNING - Retrying (Retry(total=0, connect=None, read=None, redirect=None, status=None)) after connection broken by 'SSLError(SSLCertVerificationError(1, "[SSL: CERTIFICATE_VERIFY_FAILED] certificate verify failed: Hostname mismatch, certificate is not valid for 'indianpackersgroup.org'. (_ssl.c:1007)"))': /best-packers-movers-in-lucknow
2025-06-06 17:41:10,496 - WARNING - Failed to fetch https://indianpackersgroup.org/best-packers-movers-in-lucknow: HTTPSConnectionPool(host='indianpackersgroup.org', port=443): Max retries exceeded with url: /best-packers-movers-in-lucknow (Caused by SSLError(SSLCertVerificationError(1, "[SSL: CERTIFICATE_VERIFY_FAILED] certificate verify failed: Hostname mismatch, certificate is not valid for 'indianpackersgroup.org'. (_ssl.c:1007)")))
2025-06-06 17:41:29,910 - WARNING - Retrying (Retry(total=2, connect=None, read=None, redirect=None, status=None)) after connection broken by 'ReadTimeoutError("HTTPSConnectionPool(host='www.mouthshut.com', port=443): Read timed out. (read timeout=10)")': /review/misti-movers-and-packers-aliganj-lucknow-review-tnouqqprrnp
2025-06-06 17:41:42,242 - WARNING - Retrying (Retry(total=1, connect=None, read=None, redirect=None, status=None)) after connection broken by 'ReadTimeoutError("HTTPSConnectionPool(host='www.mouthshut.com', port=443): Read timed out. (read timeout=10)")': /review/misti-movers-and-packers-aliganj-lucknow-review-tnouqqprrnp
2025-06-06 18:04:23,880 - WARNING -  * Debugger is active!
2025-06-06 18:49:33,007 - WARNING -  * Debugger is active!
2025-06-11 12:18:44,029 - WARNING -  * Debugger is active!
2025-06-11 12:20:35,511 - ERROR - Exception on / [POST]
Traceback (most recent call last):
  File "C:\Users\iPC\Desktop\WebScrapper\venv\lib\site-packages\flask\app.py", line 1511, in wsgi_app
    response = self.full_dispatch_request()
  File "C:\Users\iPC\Desktop\WebScrapper\venv\lib\site-packages\flask\app.py", line 919, in full_dispatch_request
    rv = self.handle_user_exception(e)
  File "C:\Users\iPC\Desktop\WebScrapper\venv\lib\site-packages\flask\app.py", line 917, in full_dispatch_request
    rv = self.dispatch_request()
  File "C:\Users\iPC\Desktop\WebScrapper\venv\lib\site-packages\flask\app.py", line 902, in dispatch_request
    return self.ensure_sync(self.view_functions[rule.endpoint])(**view_args)  # type: ignore[no-any-return]
  File "C:\Users\iPC\Desktop\WebScrapper\app2.py", line 95, in index
    "api_key": api_key
NameError: name 'api_key' is not defined
2025-06-11 12:21:42,943 - WARNING -  * Debugger is active!
2025-06-11 12:28:59,301 - WARNING - Retrying (Retry(total=2, connect=None, read=None, redirect=None, status=None)) after connection broken by 'ReadTimeoutError("HTTPSConnectionPool(host='techbehemoths.com', port=443): Read timed out. (read timeout=10)")': /companies/montreal
2025-06-11 12:28:59,998 - WARNING - Retrying (Retry(total=2, connect=None, read=None, redirect=None, status=None)) after connection broken by 'ReadTimeoutError("HTTPSConnectionPool(host='techbehemoths.com', port=443): Read timed out. (read timeout=10)")': /companies/montreal
2025-06-11 12:29:02,295 - WARNING - Retrying (Retry(total=2, connect=None, read=None, redirect=None, status=None)) after connection broken by 'ReadTimeoutError("HTTPSConnectionPool(host='www.edvido.com', port=443): Read timed out. (read timeout=10)")': /software-companies/montreal
2025-06-11 12:29:02,334 - WARNING - Retrying (Retry(total=2, connect=None, read=None, redirect=None, status=None)) after connection broken by 'ReadTimeoutError("HTTPSConnectionPool(host='www.edvido.com', port=443): Read timed out. (read timeout=10)")': /software-companies/montreal
2025-06-11 12:29:17,819 - WARNING - Retrying (Retry(total=2, connect=None, read=None, redirect=None, status=None)) after connection broken by 'NameResolutionError("<urllib3.connection.HTTPSConnection object at 0x0000026765C57AF0>: Failed to resolve 'www.montreal-invivo.com' ([Errno 11001] getaddrinfo failed)")': /en/sectors/niches-of-excellence/health-technologies/
2025-06-11 12:29:17,822 - WARNING - Retrying (Retry(total=2, connect=None, read=None, redirect=None, status=None)) after connection broken by 'NameResolutionError("<urllib3.connection.HTTPSConnection object at 0x0000026765CF4100>: Failed to resolve 'www.montreal-invivo.com' ([Errno 11001] getaddrinfo failed)")': /en/sectors/niches-of-excellence/health-technologies/
2025-06-11 12:29:30,920 - WARNING - Retrying (Retry(total=1, connect=None, read=None, redirect=None, status=None)) after connection broken by 'NameResolutionError("<urllib3.connection.HTTPSConnection object at 0x0000026765DA0100>: Failed to resolve 'www.montreal-invivo.com' ([Errno 11001] getaddrinfo failed)")': /en/sectors/niches-of-excellence/health-technologies/
2025-06-11 12:29:30,920 - WARNING - Retrying (Retry(total=1, connect=None, read=None, redirect=None, status=None)) after connection broken by 'NameResolutionError("<urllib3.connection.HTTPSConnection object at 0x0000026765DA1D80>: Failed to resolve 'www.montreal-invivo.com' ([Errno 11001] getaddrinfo failed)")': /en/sectors/niches-of-excellence/health-technologies/
2025-06-11 12:29:36,066 - WARNING - Retrying (Retry(total=2, connect=None, read=None, redirect=None, status=None)) after connection broken by 'ReadTimeoutError("HTTPSConnectionPool(host='www.montrealgazette.com', port=443): Read timed out. (read timeout=10)")': /news/article209354.html
2025-06-11 12:29:36,066 - WARNING - Retrying (Retry(total=2, connect=None, read=None, redirect=None, status=None)) after connection broken by 'ReadTimeoutError("HTTPSConnectionPool(host='www.montrealgazette.com', port=443): Read timed out. (read timeout=10)")': /news/article209354.html
2025-06-11 12:29:41,016 - WARNING - Retrying (Retry(total=0, connect=None, read=None, redirect=None, status=None)) after connection broken by 'NameResolutionError("<urllib3.connection.HTTPSConnection object at 0x0000026765DA3340>: Failed to resolve 'www.montreal-invivo.com' ([Errno 11002] getaddrinfo failed)")': /en/sectors/niches-of-excellence/health-technologies/
2025-06-11 12:29:41,016 - WARNING - Retrying (Retry(total=0, connect=None, read=None, redirect=None, status=None)) after connection broken by 'NameResolutionError("<urllib3.connection.HTTPSConnection object at 0x0000026765DA2560>: Failed to resolve 'www.montreal-invivo.com' ([Errno 11002] getaddrinfo failed)")': /en/sectors/niches-of-excellence/health-technologies/
2025-06-11 12:29:41,016 - WARNING - Failed to fetch https://www.montreal-invivo.com/en/sectors/niches-of-excellence/health-technologies/: HTTPSConnectionPool(host='www.montreal-invivo.com', port=443): Max retries exceeded with url: /en/sectors/niches-of-excellence/health-technologies/ (Caused by NameResolutionError("<urllib3.connection.HTTPSConnection object at 0x0000026765DA14B0>: Failed to resolve 'www.montreal-invivo.com' ([Errno 11002] getaddrinfo failed)"))
2025-06-11 12:29:41,016 - WARNING - Failed to fetch https://www.montreal-invivo.com/en/sectors/niches-of-excellence/health-technologies/: HTTPSConnectionPool(host='www.montreal-invivo.com', port=443): Max retries exceeded with url: /en/sectors/niches-of-excellence/health-technologies/ (Caused by NameResolutionError("<urllib3.connection.HTTPSConnection object at 0x0000026765DA1990>: Failed to resolve 'www.montreal-invivo.com' ([Errno 11002] getaddrinfo failed)"))
2025-06-11 12:29:48,103 - WARNING - Retrying (Retry(total=1, connect=None, read=None, redirect=None, status=None)) after connection broken by 'ReadTimeoutError("HTTPSConnectionPool(host='www.montrealgazette.com', port=443): Read timed out. (read timeout=10)")': /news/article209354.html
2025-06-11 12:29:48,153 - WARNING - Retrying (Retry(total=1, connect=None, read=None, redirect=None, status=None)) after connection broken by 'ReadTimeoutError("HTTPSConnectionPool(host='www.montrealgazette.com', port=443): Read timed out. (read timeout=10)")': /news/article209354.html
2025-06-11 12:30:02,203 - WARNING - Retrying (Retry(total=0, connect=None, read=None, redirect=None, status=None)) after connection broken by 'ReadTimeoutError("HTTPSConnectionPool(host='www.montrealgazette.com', port=443): Read timed out. (read timeout=10)")': /news/article209354.html
2025-06-11 12:30:02,203 - WARNING - Retrying (Retry(total=0, connect=None, read=None, redirect=None, status=None)) after connection broken by 'ReadTimeoutError("HTTPSConnectionPool(host='www.montrealgazette.com', port=443): Read timed out. (read timeout=10)")': /news/article209354.html
2025-06-11 12:30:12,533 - WARNING - Failed to fetch https://www.montrealgazette.com/news/article209354.html: HTTPSConnectionPool(host='www.montrealgazette.com', port=443): Max retries exceeded with url: /news/article209354.html (Caused by ReadTimeoutError("HTTPSConnectionPool(host='www.montrealgazette.com', port=443): Read timed out. (read timeout=10)"))
2025-06-11 12:30:12,533 - WARNING - Failed to fetch https://www.montrealgazette.com/news/article209354.html: HTTPSConnectionPool(host='www.montrealgazette.com', port=443): Max retries exceeded with url: /news/article209354.html (Caused by ReadTimeoutError("HTTPSConnectionPool(host='www.montrealgazette.com', port=443): Read timed out. (read timeout=10)"))
2025-06-11 12:50:53,678 - WARNING -  * Debugger is active!
2025-06-11 12:52:22,572 - WARNING -  * Debugger is active!
2025-06-11 13:25:45,529 - WARNING - Failed to fetch https://jobs.siemens.com/careers/job/563156121718663-technical-sales-support-order-execution-transformer-mumbai-west-bengal-india?domain=siemens.com&microsite=siemens.com: HTTPSConnectionPool(host='jobs.siemens.com', port=443): Max retries exceeded with url: /careers/job/563156121718663-technical-sales-support-order-execution-transformer-mumbai-west-bengal-india?domain=siemens.com&microsite=siemens.com (Caused by ResponseError('too many 429 error responses'))
2025-06-11 13:25:45,828 - WARNING - Failed to fetch https://jobs.siemens.com/careers/job/563156121718663-technical-sales-support-order-execution-transformer-mumbai-west-bengal-india?domain=siemens.com&microsite=siemens.com: HTTPSConnectionPool(host='jobs.siemens.com', port=443): Max retries exceeded with url: /careers/job/563156121718663-technical-sales-support-order-execution-transformer-mumbai-west-bengal-india?domain=siemens.com&microsite=siemens.com (Caused by ResponseError('too many 429 error responses'))
2025-06-11 13:25:50,371 - WARNING - Retrying (Retry(total=2, connect=None, read=None, redirect=None, status=None)) after connection broken by 'ReadTimeoutError("HTTPSConnectionPool(host='www.jobhai.com', port=443): Read timed out. (read timeout=10)")': /sales-business-development-sales-executive-job-in-xperteez-technology-private-limited-opc-mulund-mumbai-1-to-5-years-1749456387-6090160-jid
2025-06-11 13:25:50,371 - WARNING - Retrying (Retry(total=2, connect=None, read=None, redirect=None, status=None)) after connection broken by 'ReadTimeoutError("HTTPSConnectionPool(host='www.jobhai.com', port=443): Read timed out. (read timeout=10)")': /sales-business-development-sales-executive-job-in-xperteez-technology-private-limited-opc-mulund-mumbai-1-to-5-years-1749456387-6090160-jid
2025-06-11 13:25:52,727 - WARNING - Retrying (Retry(total=2, connect=None, read=None, redirect=None, status=None)) after connection broken by 'ReadTimeoutError("HTTPSConnectionPool(host='www.ambitionbox.com', port=443): Read timed out. (read timeout=10)")': /profile/technical-sales-salary/mumbai-location
2025-06-11 13:25:55,595 - WARNING - Retrying (Retry(total=2, connect=None, read=None, redirect=None, status=None)) after connection broken by 'ReadTimeoutError("HTTPSConnectionPool(host='www.ambitionbox.com', port=443): Read timed out. (read timeout=10)")': /profile/technical-sales-salary/mumbai-location
2025-06-11 13:25:56,203 - WARNING - Retrying (Retry(total=2, connect=None, read=None, redirect=None, status=None)) after connection broken by 'ReadTimeoutError("HTTPSConnectionPool(host='www.jobhai.com', port=443): Read timed out. (read timeout=10)")': /field-sales-sales-executive-job-in-koobox-tech-private-limited-borivali-east-mumbai-0-to-6-plus-years-1747111456-5955498-jid
2025-06-11 13:25:56,435 - WARNING - Retrying (Retry(total=2, connect=None, read=None, redirect=None, status=None)) after connection broken by 'ReadTimeoutError("HTTPSConnectionPool(host='www.jobhai.com', port=443): Read timed out. (read timeout=10)")': /sales-business-development-technical-sales-executive-job-in-recruiter-right-hr-solution-mulund-mumbai-1-to-3-years-1748861060-6057292-jid
2025-06-11 13:26:04,198 - WARNING - Retrying (Retry(total=1, connect=None, read=None, redirect=None, status=None)) after connection broken by 'ReadTimeoutError("HTTPSConnectionPool(host='www.jobhai.com', port=443): Read timed out. (read timeout=10)")': /sales-business-development-sales-executive-job-in-xperteez-technology-private-limited-opc-mulund-mumbai-1-to-5-years-1749456387-6090160-jid
2025-06-11 13:26:04,508 - WARNING - Retrying (Retry(total=1, connect=None, read=None, redirect=None, status=None)) after connection broken by 'ReadTimeoutError("HTTPSConnectionPool(host='www.jobhai.com', port=443): Read timed out. (read timeout=10)")': /sales-business-development-sales-executive-job-in-xperteez-technology-private-limited-opc-mulund-mumbai-1-to-5-years-1749456387-6090160-jid
2025-06-11 13:26:04,870 - WARNING - Retrying (Retry(total=1, connect=None, read=None, redirect=None, status=None)) after connection broken by 'ReadTimeoutError("HTTPSConnectionPool(host='www.ambitionbox.com', port=443): Read timed out. (read timeout=10)")': /profile/technical-sales-salary/mumbai-location
2025-06-11 13:26:07,930 - WARNING - Retrying (Retry(total=1, connect=None, read=None, redirect=None, status=None)) after connection broken by 'ReadTimeoutError("HTTPSConnectionPool(host='www.ambitionbox.com', port=443): Read timed out. (read timeout=10)")': /profile/technical-sales-salary/mumbai-location
2025-06-11 13:26:08,462 - WARNING - Retrying (Retry(total=1, connect=None, read=None, redirect=None, status=None)) after connection broken by 'ReadTimeoutError("HTTPSConnectionPool(host='www.jobhai.com', port=443): Read timed out. (read timeout=10)")': /field-sales-sales-executive-job-in-koobox-tech-private-limited-borivali-east-mumbai-0-to-6-plus-years-1747111456-5955498-jid
2025-06-11 13:26:08,486 - WARNING - Retrying (Retry(total=1, connect=None, read=None, redirect=None, status=None)) after connection broken by 'ReadTimeoutError("HTTPSConnectionPool(host='www.jobhai.com', port=443): Read timed out. (read timeout=10)")': /sales-business-development-technical-sales-executive-job-in-recruiter-right-hr-solution-mulund-mumbai-1-to-3-years-1748861060-6057292-jid
2025-06-11 13:26:18,456 - WARNING - Retrying (Retry(total=0, connect=None, read=None, redirect=None, status=None)) after connection broken by 'ReadTimeoutError("HTTPSConnectionPool(host='www.jobhai.com', port=443): Read timed out. (read timeout=10)")': /sales-business-development-sales-executive-job-in-xperteez-technology-private-limited-opc-mulund-mumbai-1-to-5-years-1749456387-6090160-jid
2025-06-11 13:26:18,913 - WARNING - Retrying (Retry(total=0, connect=None, read=None, redirect=None, status=None)) after connection broken by 'ReadTimeoutError("HTTPSConnectionPool(host='www.jobhai.com', port=443): Read timed out. (read timeout=10)")': /sales-business-development-sales-executive-job-in-xperteez-technology-private-limited-opc-mulund-mumbai-1-to-5-years-1749456387-6090160-jid
2025-06-11 13:26:19,019 - WARNING - Retrying (Retry(total=0, connect=None, read=None, redirect=None, status=None)) after connection broken by 'ReadTimeoutError("HTTPSConnectionPool(host='www.ambitionbox.com', port=443): Read timed out. (read timeout=10)")': /profile/technical-sales-salary/mumbai-location
2025-06-11 13:26:22,126 - WARNING - Retrying (Retry(total=0, connect=None, read=None, redirect=None, status=None)) after connection broken by 'ReadTimeoutError("HTTPSConnectionPool(host='www.ambitionbox.com', port=443): Read timed out. (read timeout=10)")': /profile/technical-sales-salary/mumbai-location
2025-06-11 13:26:22,543 - WARNING - Retrying (Retry(total=0, connect=None, read=None, redirect=None, status=None)) after connection broken by 'ReadTimeoutError("HTTPSConnectionPool(host='www.jobhai.com', port=443): Read timed out. (read timeout=10)")': /field-sales-sales-executive-job-in-koobox-tech-private-limited-borivali-east-mumbai-0-to-6-plus-years-1747111456-5955498-jid
2025-06-11 13:26:22,558 - WARNING - Retrying (Retry(total=0, connect=None, read=None, redirect=None, status=None)) after connection broken by 'ReadTimeoutError("HTTPSConnectionPool(host='www.jobhai.com', port=443): Read timed out. (read timeout=10)")': /sales-business-development-technical-sales-executive-job-in-recruiter-right-hr-solution-mulund-mumbai-1-to-3-years-1748861060-6057292-jid
2025-06-11 13:26:28,953 - WARNING - Failed to fetch https://www.jobhai.com/sales-business-development-sales-executive-job-in-xperteez-technology-private-limited-opc-mulund-mumbai-1-to-5-years-1749456387-6090160-jid: HTTPSConnectionPool(host='www.jobhai.com', port=443): Max retries exceeded with url: /sales-business-development-sales-executive-job-in-xperteez-technology-private-limited-opc-mulund-mumbai-1-to-5-years-1749456387-6090160-jid (Caused by ReadTimeoutError("HTTPSConnectionPool(host='www.jobhai.com', port=443): Read timed out. (read timeout=10)"))
2025-06-11 13:26:28,953 - WARNING - Failed to fetch https://www.jobhai.com/sales-business-development-sales-executive-job-in-xperteez-technology-private-limited-opc-mulund-mumbai-1-to-5-years-1749456387-6090160-jid: HTTPSConnectionPool(host='www.jobhai.com', port=443): Max retries exceeded with url: /sales-business-development-sales-executive-job-in-xperteez-technology-private-limited-opc-mulund-mumbai-1-to-5-years-1749456387-6090160-jid (Caused by ReadTimeoutError("HTTPSConnectionPool(host='www.jobhai.com', port=443): Read timed out. (read timeout=10)"))
2025-06-11 13:26:29,379 - WARNING - Failed to fetch https://www.ambitionbox.com/profile/technical-sales-salary/mumbai-location: HTTPSConnectionPool(host='www.ambitionbox.com', port=443): Max retries exceeded with url: /profile/technical-sales-salary/mumbai-location (Caused by ReadTimeoutError("HTTPSConnectionPool(host='www.ambitionbox.com', port=443): Read timed out. (read timeout=10)"))
2025-06-11 13:26:32,252 - WARNING - Failed to fetch https://www.ambitionbox.com/profile/technical-sales-salary/mumbai-location: HTTPSConnectionPool(host='www.ambitionbox.com', port=443): Max retries exceeded with url: /profile/technical-sales-salary/mumbai-location (Caused by ReadTimeoutError("HTTPSConnectionPool(host='www.ambitionbox.com', port=443): Read timed out. (read timeout=10)"))
2025-06-11 13:26:33,002 - WARNING - Failed to fetch https://www.jobhai.com/sales-business-development-technical-sales-executive-job-in-recruiter-right-hr-solution-mulund-mumbai-1-to-3-years-1748861060-6057292-jid: HTTPSConnectionPool(host='www.jobhai.com', port=443): Max retries exceeded with url: /sales-business-development-technical-sales-executive-job-in-recruiter-right-hr-solution-mulund-mumbai-1-to-3-years-1748861060-6057292-jid (Caused by ReadTimeoutError("HTTPSConnectionPool(host='www.jobhai.com', port=443): Read timed out. (read timeout=10)"))
2025-06-11 13:26:33,002 - WARNING - Failed to fetch https://www.jobhai.com/field-sales-sales-executive-job-in-koobox-tech-private-limited-borivali-east-mumbai-0-to-6-plus-years-1747111456-5955498-jid: HTTPSConnectionPool(host='www.jobhai.com', port=443): Max retries exceeded with url: /field-sales-sales-executive-job-in-koobox-tech-private-limited-borivali-east-mumbai-0-to-6-plus-years-1747111456-5955498-jid (Caused by ReadTimeoutError("HTTPSConnectionPool(host='www.jobhai.com', port=443): Read timed out. (read timeout=10)"))
2025-06-11 13:26:44,975 - WARNING - Retrying (Retry(total=2, connect=None, read=None, redirect=None, status=None)) after connection broken by 'ReadTimeoutError("HTTPSConnectionPool(host='www.ambitionbox.com', port=443): Read timed out. (read timeout=10)")': /profile/technical-sales-manager-salary/mumbai-location
2025-06-11 13:26:44,976 - WARNING - Retrying (Retry(total=2, connect=None, read=None, redirect=None, status=None)) after connection broken by 'ReadTimeoutError("HTTPSConnectionPool(host='www.ambitionbox.com', port=443): Read timed out. (read timeout=10)")': /profile/technical-sales-manager-salary/mumbai-location
2025-06-11 13:26:57,089 - WARNING - Retrying (Retry(total=1, connect=None, read=None, redirect=None, status=None)) after connection broken by 'ReadTimeoutError("HTTPSConnectionPool(host='www.ambitionbox.com', port=443): Read timed out. (read timeout=10)")': /profile/technical-sales-manager-salary/mumbai-location
2025-06-11 13:26:57,105 - WARNING - Retrying (Retry(total=1, connect=None, read=None, redirect=None, status=None)) after connection broken by 'ReadTimeoutError("HTTPSConnectionPool(host='www.ambitionbox.com', port=443): Read timed out. (read timeout=10)")': /profile/technical-sales-manager-salary/mumbai-location
2025-06-11 13:27:11,490 - WARNING - Retrying (Retry(total=0, connect=None, read=None, redirect=None, status=None)) after connection broken by 'ReadTimeoutError("HTTPSConnectionPool(host='www.ambitionbox.com', port=443): Read timed out. (read timeout=10)")': /profile/technical-sales-manager-salary/mumbai-location
2025-06-11 13:27:11,490 - WARNING - Retrying (Retry(total=0, connect=None, read=None, redirect=None, status=None)) after connection broken by 'ReadTimeoutError("HTTPSConnectionPool(host='www.ambitionbox.com', port=443): Read timed out. (read timeout=10)")': /profile/technical-sales-manager-salary/mumbai-location
2025-06-11 13:27:21,607 - WARNING - Failed to fetch https://www.ambitionbox.com/profile/technical-sales-manager-salary/mumbai-location: HTTPSConnectionPool(host='www.ambitionbox.com', port=443): Max retries exceeded with url: /profile/technical-sales-manager-salary/mumbai-location (Caused by ReadTimeoutError("HTTPSConnectionPool(host='www.ambitionbox.com', port=443): Read timed out. (read timeout=10)"))
2025-06-11 13:27:21,607 - WARNING - Failed to fetch https://www.ambitionbox.com/profile/technical-sales-manager-salary/mumbai-location: HTTPSConnectionPool(host='www.ambitionbox.com', port=443): Max retries exceeded with url: /profile/technical-sales-manager-salary/mumbai-location (Caused by ReadTimeoutError("HTTPSConnectionPool(host='www.ambitionbox.com', port=443): Read timed out. (read timeout=10)"))
2025-06-12 13:15:13,181 - WARNING -  * Debugger is active!
